TN:
SF:/home/martin/Fuentes/curso-tdd/server.js
FN:16,(anonymous_0)
FNF:1
FNH:1
FNDA:1,(anonymous_0)
DA:1,1
DA:2,1
DA:3,1
DA:4,1
DA:5,1
DA:6,1
DA:7,1
DA:9,1
DA:10,1
DA:12,1
DA:14,1
DA:16,1
DA:18,1
LF:13
LH:13
BRF:0
BRH:0
end_of_record
TN:
SF:/home/martin/Fuentes/curso-tdd/endpoints/index.js
FNF:0
FNH:0
DA:1,1
DA:3,1
LF:2
LH:2
BRF:0
BRH:0
end_of_record
TN:
SF:/home/martin/Fuentes/curso-tdd/endpoints/posts/index.js
FN:1,(anonymous_0)
FN:2,(anonymous_1)
FN:7,(anonymous_2)
FNF:3
FNH:3
FNDA:3,(anonymous_0)
FNDA:4,(anonymous_1)
FNDA:8,(anonymous_2)
DA:1,3
DA:3,4
DA:7,8
DA:9,3
DA:10,2
DA:14,2
DA:16,1
LF:7
LH:7
BRDA:9,0,0,2
BRDA:9,0,1,1
BRF:2
BRH:2
end_of_record
TN:
SF:/home/martin/Fuentes/curso-tdd/middlewares/authenticate.js
FN:1,(anonymous_0)
FNF:1
FNH:1
FNDA:4,(anonymous_0)
DA:1,2
DA:2,4
DA:3,4
DA:4,1
DA:6,3
LF:5
LH:5
BRDA:3,0,0,1
BRDA:3,0,1,3
BRF:2
BRH:2
end_of_record
TN:
SF:/home/martin/Fuentes/curso-tdd/middlewares/index.js
FNF:0
FNH:0
DA:1,1
DA:3,1
LF:2
LH:2
BRF:0
BRH:0
end_of_record
